2014-09-21 12:09:30,605 [Worker-11] INFO  o.e.m.c.i.l.LifecycleMappingFactory - Using org.maven.ide.eclipse.wtp.WarLifecycleMapping lifecycle mapping for MavenProject: com.catastrophes-system:com.catastrophes-system:0.0.1-SNAPSHOT @ /home/javier/Documentos/Develop/Java/catastrophes-system/com.catastrophes-system/pom.xml.
2014-09-21 12:09:32,228 [Worker-11] INFO  o.e.m.j.i.AbstractJavaProjectConfigurator - Adding source folder /com.catastrophes-system/src/main/java
2014-09-21 12:09:32,230 [Worker-11] INFO  o.e.m.j.i.AbstractJavaProjectConfigurator - Adding resource folder /com.catastrophes-system/src/main/resources
2014-09-21 12:09:32,231 [Worker-11] INFO  o.e.m.j.i.AbstractJavaProjectConfigurator - Adding source folder /com.catastrophes-system/src/test/java
2014-09-21 12:09:32,231 [Worker-11] INFO  o.e.m.j.i.AbstractJavaProjectConfigurator - Adding resource folder /com.catastrophes-system/src/test/resources
2014-09-21 12:09:37,266 [Worker-14] INFO  o.e.m.c.i.l.LifecycleMappingFactory - Using org.maven.ide.eclipse.wtp.WarLifecycleMapping lifecycle mapping for MavenProject: com.catastrophes-system:com.catastrophes-system:0.0.1-SNAPSHOT @ /home/javier/Documentos/Develop/Java/catastrophes-system/com.catastrophes-system/pom.xml.
2014-09-21 12:09:40,291 [Worker-15] WARN  o.e.m.c.i.embedder.EclipseLogger - Using platform encoding (UTF-8 actually) to copy filtered resources, i.e. build is platform dependent!
2014-09-21 12:09:40,310 [Worker-15] INFO  o.e.m.c.i.embedder.EclipseLogger - Copying 0 resource
2014-09-21 12:09:40,322 [Worker-15] WARN  o.e.m.c.i.embedder.EclipseLogger - Using platform encoding (UTF-8 actually) to copy filtered resources, i.e. build is platform dependent!
2014-09-21 12:09:40,324 [Worker-15] INFO  o.e.m.c.i.embedder.EclipseLogger - Copying 0 resource
2014-09-21 12:12:32,046 [Worker-15] INFO  o.e.m.c.i.l.LifecycleMappingFactory - Using org.maven.ide.eclipse.wtp.WarLifecycleMapping lifecycle mapping for MavenProject: com.catastrophes-system:com.catastrophes-system:0.0.1-SNAPSHOT @ /home/javier/Documentos/Develop/Java/catastrophes-system/com.catastrophes-system/pom.xml.
2014-09-21 12:12:32,185 [Worker-15] WARN  o.e.m.c.i.embedder.EclipseLogger - Using platform encoding (UTF-8 actually) to copy filtered resources, i.e. build is platform dependent!
2014-09-21 12:12:32,199 [Worker-15] INFO  o.e.m.c.i.embedder.EclipseLogger - Copying 0 resource
2014-09-21 12:12:32,202 [Worker-15] WARN  o.e.m.c.i.embedder.EclipseLogger - Using platform encoding (UTF-8 actually) to copy filtered resources, i.e. build is platform dependent!
2014-09-21 12:12:32,202 [Worker-15] INFO  o.e.m.c.i.embedder.EclipseLogger - Copying 0 resource
2014-09-21 12:13:22,702 [Worker-10] WARN  o.e.m.c.i.embedder.EclipseLogger - Using platform encoding (UTF-8 actually) to copy filtered resources, i.e. build is platform dependent!
2014-09-21 12:13:22,703 [Worker-10] INFO  o.e.m.c.i.embedder.EclipseLogger - skip non existing resourceDirectory /home/javier/Documentos/Develop/Java/catastrophes-system/com.catastrophes-system/src/main/resources
2014-09-21 12:13:22,706 [Worker-10] WARN  o.e.m.c.i.embedder.EclipseLogger - Using platform encoding (UTF-8 actually) to copy filtered resources, i.e. build is platform dependent!
2014-09-21 12:13:22,706 [Worker-10] INFO  o.e.m.c.i.embedder.EclipseLogger - Copying 0 resource
2014-09-21 12:15:37,715 [Worker-20] WARN  o.e.m.c.i.embedder.EclipseLogger - Using platform encoding (UTF-8 actually) to copy filtered resources, i.e. build is platform dependent!
2014-09-21 12:15:37,716 [Worker-20] INFO  o.e.m.c.i.embedder.EclipseLogger - skip non existing resourceDirectory /home/javier/Documentos/Develop/Java/catastrophes-system/com.catastrophes-system/src/main/resources
2014-09-21 12:15:37,719 [Worker-20] WARN  o.e.m.c.i.embedder.EclipseLogger - Using platform encoding (UTF-8 actually) to copy filtered resources, i.e. build is platform dependent!
2014-09-21 12:15:37,719 [Worker-20] INFO  o.e.m.c.i.embedder.EclipseLogger - Copying 0 resource
2014-09-21 12:18:58,461 [Worker-13] INFO  o.e.m.c.i.l.LifecycleMappingFactory - Using org.maven.ide.eclipse.wtp.WarLifecycleMapping lifecycle mapping for MavenProject: com.catastrophes-system:com.catastrophes-system:0.0.1-SNAPSHOT @ /home/javier/Documentos/Develop/Java/catastrophes-system/com.catastrophes-system/pom.xml.
2014-09-21 12:18:58,774 [Worker-13] WARN  o.e.m.c.i.embedder.EclipseLogger - Using platform encoding (UTF-8 actually) to copy filtered resources, i.e. build is platform dependent!
2014-09-21 12:18:58,774 [Worker-13] INFO  o.e.m.c.i.embedder.EclipseLogger - skip non existing resourceDirectory /home/javier/Documentos/Develop/Java/catastrophes-system/com.catastrophes-system/src/main/resources
2014-09-21 12:18:58,776 [Worker-13] WARN  o.e.m.c.i.embedder.EclipseLogger - Using platform encoding (UTF-8 actually) to copy filtered resources, i.e. build is platform dependent!
2014-09-21 12:18:58,776 [Worker-13] INFO  o.e.m.c.i.embedder.EclipseLogger - Copying 0 resource
2014-09-21 12:18:58,777 [Worker-13] INFO  o.e.m.w.i.f.ResourceFilteringBuildParticipant - Changed resources require a complete clean of filtered resources of com.catastrophes-system
2014-09-21 12:18:58,777 [Worker-13] INFO  o.e.m.w.i.f.ResourceFilteringBuildParticipant - Executing resource filtering for com.catastrophes-system
2014-09-21 12:18:58,788 [Worker-13] WARN  o.e.m.c.i.embedder.EclipseLogger - Using platform encoding (UTF-8 actually) to copy filtered resources, i.e. build is platform dependent!
2014-09-21 12:19:56,636 [Worker-13] INFO  o.e.m.c.i.l.LifecycleMappingFactory - Using org.maven.ide.eclipse.wtp.WarLifecycleMapping lifecycle mapping for MavenProject: com.catastrophes-system:com.catastrophes-system:0.0.1-SNAPSHOT @ /home/javier/Documentos/Develop/Java/catastrophes-system/com.catastrophes-system/pom.xml.
2014-09-21 12:19:56,820 [Worker-13] WARN  o.e.m.c.i.embedder.EclipseLogger - Using platform encoding (UTF-8 actually) to copy filtered resources, i.e. build is platform dependent!
2014-09-21 12:19:56,821 [Worker-13] INFO  o.e.m.c.i.embedder.EclipseLogger - skip non existing resourceDirectory /home/javier/Documentos/Develop/Java/catastrophes-system/com.catastrophes-system/src/main/resources
2014-09-21 12:19:56,822 [Worker-13] WARN  o.e.m.c.i.embedder.EclipseLogger - Using platform encoding (UTF-8 actually) to copy filtered resources, i.e. build is platform dependent!
2014-09-21 12:19:56,823 [Worker-13] INFO  o.e.m.c.i.embedder.EclipseLogger - Copying 0 resource
2014-09-21 12:19:56,823 [Worker-13] INFO  o.e.m.w.i.f.ResourceFilteringBuildParticipant - Changed resources require a complete clean of filtered resources of com.catastrophes-system
2014-09-21 12:19:56,823 [Worker-13] INFO  o.e.m.w.i.f.ResourceFilteringBuildParticipant - Executing resource filtering for com.catastrophes-system
2014-09-21 12:19:56,826 [Worker-13] WARN  o.e.m.c.i.embedder.EclipseLogger - Using platform encoding (UTF-8 actually) to copy filtered resources, i.e. build is platform dependent!
2014-09-21 12:20:57,832 [Worker-22] INFO  o.e.m.c.i.l.LifecycleMappingFactory - Using org.maven.ide.eclipse.wtp.WarLifecycleMapping lifecycle mapping for MavenProject: com.catastrophes-system:com.catastrophes-system:0.0.1-SNAPSHOT @ /home/javier/Documentos/Develop/Java/catastrophes-system/com.catastrophes-system/pom.xml.
2014-09-21 12:20:57,942 [Worker-22] WARN  o.e.m.c.i.embedder.EclipseLogger - Using platform encoding (UTF-8 actually) to copy filtered resources, i.e. build is platform dependent!
2014-09-21 12:20:57,943 [Worker-22] INFO  o.e.m.c.i.embedder.EclipseLogger - skip non existing resourceDirectory /home/javier/Documentos/Develop/Java/catastrophes-system/com.catastrophes-system/src/main/resources
2014-09-21 12:20:57,951 [Worker-22] WARN  o.e.m.c.i.embedder.EclipseLogger - Using platform encoding (UTF-8 actually) to copy filtered resources, i.e. build is platform dependent!
2014-09-21 12:20:57,951 [Worker-22] INFO  o.e.m.c.i.embedder.EclipseLogger - Copying 0 resource
2014-09-21 12:20:57,952 [Worker-22] INFO  o.e.m.w.i.f.ResourceFilteringBuildParticipant - Changed resources require a complete clean of filtered resources of com.catastrophes-system
2014-09-21 12:20:57,952 [Worker-22] INFO  o.e.m.w.i.f.ResourceFilteringBuildParticipant - Executing resource filtering for com.catastrophes-system
2014-09-21 12:20:57,955 [Worker-22] WARN  o.e.m.c.i.embedder.EclipseLogger - Using platform encoding (UTF-8 actually) to copy filtered resources, i.e. build is platform dependent!
2014-09-21 12:21:36,599 [Worker-15] INFO  o.e.m.c.i.l.LifecycleMappingFactory - Using org.maven.ide.eclipse.wtp.WarLifecycleMapping lifecycle mapping for MavenProject: com.catastrophes-system:com.catastrophes-system:0.0.1-SNAPSHOT @ /home/javier/Documentos/Develop/Java/catastrophes-system/com.catastrophes-system/pom.xml.
2014-09-21 12:21:42,115 [Worker-23] INFO  o.e.m.c.i.e.AbstractTransferListenerAdapter - Downloading http://repository.primefaces.org/org/primefaces/themes/all-themes/1.0.10/all-themes-1.0.10.pom
2014-09-21 12:21:42,960 [Worker-23] INFO  o.e.m.c.i.e.AbstractTransferListenerAdapter - Downloaded http://repository.primefaces.org/org/primefaces/themes/all-themes/1.0.10/all-themes-1.0.10.pom
2014-09-21 12:21:43,260 [Worker-23] INFO  o.e.m.c.i.e.AbstractTransferListenerAdapter - Downloading http://repository.primefaces.org/org/primefaces/themes/themes-project/1.0.10/themes-project-1.0.10.pom
2014-09-21 12:21:43,821 [Worker-23] INFO  o.e.m.c.i.e.AbstractTransferListenerAdapter - Downloaded http://repository.primefaces.org/org/primefaces/themes/themes-project/1.0.10/themes-project-1.0.10.pom
2014-09-21 12:21:44,121 [Worker-15] INFO  o.e.m.c.i.e.AbstractTransferListenerAdapter - Downloading http://repository.primefaces.org/org/primefaces/themes/all-themes/1.0.10/all-themes-1.0.10.jar
2014-09-21 12:21:49,681 [Worker-15] INFO  o.e.m.c.i.e.AbstractTransferListenerAdapter - Downloaded http://repository.primefaces.org/org/primefaces/themes/all-themes/1.0.10/all-themes-1.0.10.jar
2014-09-21 12:21:50,026 [Worker-15] WARN  o.e.m.c.i.embedder.EclipseLogger - Using platform encoding (UTF-8 actually) to copy filtered resources, i.e. build is platform dependent!
2014-09-21 12:21:50,026 [Worker-15] INFO  o.e.m.c.i.embedder.EclipseLogger - skip non existing resourceDirectory /home/javier/Documentos/Develop/Java/catastrophes-system/com.catastrophes-system/src/main/resources
2014-09-21 12:21:50,028 [Worker-15] WARN  o.e.m.c.i.embedder.EclipseLogger - Using platform encoding (UTF-8 actually) to copy filtered resources, i.e. build is platform dependent!
2014-09-21 12:21:50,028 [Worker-15] INFO  o.e.m.c.i.embedder.EclipseLogger - Copying 0 resource
2014-09-21 12:21:50,029 [Worker-15] INFO  o.e.m.w.i.f.ResourceFilteringBuildParticipant - Changed resources require a complete clean of filtered resources of com.catastrophes-system
2014-09-21 12:21:50,029 [Worker-15] INFO  o.e.m.w.i.f.ResourceFilteringBuildParticipant - Executing resource filtering for com.catastrophes-system
2014-09-21 12:21:50,033 [Worker-15] WARN  o.e.m.c.i.embedder.EclipseLogger - Using platform encoding (UTF-8 actually) to copy filtered resources, i.e. build is platform dependent!
2014-09-21 12:22:41,078 [Worker-15] INFO  o.e.m.c.i.l.LifecycleMappingFactory - Using org.maven.ide.eclipse.wtp.WarLifecycleMapping lifecycle mapping for MavenProject: com.catastrophes-system:com.catastrophes-system:0.0.1-SNAPSHOT @ /home/javier/Documentos/Develop/Java/catastrophes-system/com.catastrophes-system/pom.xml.
2014-09-21 12:22:41,508 [Worker-14] INFO  o.e.m.c.i.e.AbstractTransferListenerAdapter - Downloaded http://repository.primefaces.org/org/primefaces/extensions/primefaces-extensions/2.1.0/primefaces-extensions-2.1.0.pom
2014-09-21 12:22:42,168 [Worker-14] INFO  o.e.m.c.i.e.AbstractTransferListenerAdapter - Downloading http://repo.maven.apache.org/maven2/org/primefaces/extensions/primefaces-extensions/2.1.0/primefaces-extensions-2.1.0.pom
2014-09-21 12:22:42,553 [Worker-14] INFO  o.e.m.c.i.e.AbstractTransferListenerAdapter - Downloaded http://repo.maven.apache.org/maven2/org/primefaces/extensions/primefaces-extensions/2.1.0/primefaces-extensions-2.1.0.pom
2014-09-21 12:22:43,112 [Worker-14] INFO  o.e.m.c.i.e.AbstractTransferListenerAdapter - Downloaded http://repository.primefaces.org/org/primefaces/extensions/master-pom/3.2.0/master-pom-3.2.0.pom
2014-09-21 12:22:43,303 [Worker-14] INFO  o.e.m.c.i.e.AbstractTransferListenerAdapter - Downloading http://repo.maven.apache.org/maven2/org/primefaces/extensions/master-pom/3.2.0/master-pom-3.2.0.pom
2014-09-21 12:22:43,849 [Worker-14] INFO  o.e.m.c.i.e.AbstractTransferListenerAdapter - Downloaded http://repo.maven.apache.org/maven2/org/primefaces/extensions/master-pom/3.2.0/master-pom-3.2.0.pom
2014-09-21 12:22:44,425 [Worker-14] INFO  o.e.m.c.i.e.AbstractTransferListenerAdapter - Downloaded http://repository.primefaces.org/com/google/code/gson/gson/2.2.4/gson-2.2.4.pom
2014-09-21 12:22:44,618 [Worker-14] INFO  o.e.m.c.i.e.AbstractTransferListenerAdapter - Downloading http://repo.maven.apache.org/maven2/com/google/code/gson/gson/2.2.4/gson-2.2.4.pom
2014-09-21 12:22:44,995 [Worker-14] INFO  o.e.m.c.i.e.AbstractTransferListenerAdapter - Downloaded http://repo.maven.apache.org/maven2/com/google/code/gson/gson/2.2.4/gson-2.2.4.pom
2014-09-21 12:22:45,560 [Worker-14] INFO  o.e.m.c.i.e.AbstractTransferListenerAdapter - Downloaded http://repository.primefaces.org/org/apache/commons/commons-lang3/3.1/commons-lang3-3.1.pom
2014-09-21 12:22:45,748 [Worker-14] INFO  o.e.m.c.i.e.AbstractTransferListenerAdapter - Downloading http://repo.maven.apache.org/maven2/org/apache/commons/commons-lang3/3.1/commons-lang3-3.1.pom
2014-09-21 12:22:46,151 [Worker-14] INFO  o.e.m.c.i.e.AbstractTransferListenerAdapter - Downloaded http://repo.maven.apache.org/maven2/org/apache/commons/commons-lang3/3.1/commons-lang3-3.1.pom
2014-09-21 12:22:46,701 [Worker-14] INFO  o.e.m.c.i.e.AbstractTransferListenerAdapter - Downloaded http://repository.primefaces.org/org/apache/commons/commons-parent/22/commons-parent-22.pom
2014-09-21 12:22:46,896 [Worker-14] INFO  o.e.m.c.i.e.AbstractTransferListenerAdapter - Downloading http://repo.maven.apache.org/maven2/org/apache/commons/commons-parent/22/commons-parent-22.pom
2014-09-21 12:22:47,480 [Worker-14] INFO  o.e.m.c.i.e.AbstractTransferListenerAdapter - Downloaded http://repo.maven.apache.org/maven2/org/apache/commons/commons-parent/22/commons-parent-22.pom
2014-09-21 12:22:48,043 [Worker-14] INFO  o.e.m.c.i.e.AbstractTransferListenerAdapter - Downloaded http://repository.primefaces.org/org/apache/apache/9/apache-9.pom
2014-09-21 12:22:48,232 [Worker-14] INFO  o.e.m.c.i.e.AbstractTransferListenerAdapter - Downloading http://repo.maven.apache.org/maven2/org/apache/apache/9/apache-9.pom
2014-09-21 12:22:48,634 [Worker-14] INFO  o.e.m.c.i.e.AbstractTransferListenerAdapter - Downloaded http://repo.maven.apache.org/maven2/org/apache/apache/9/apache-9.pom
2014-09-21 12:22:49,211 [Worker-14] INFO  o.e.m.c.i.e.AbstractTransferListenerAdapter - Downloaded http://repository.primefaces.org/org/primefaces/extensions/primefaces-extensions/2.1.0/primefaces-extensions-2.1.0.jar
2014-09-21 12:22:49,751 [Worker-14] INFO  o.e.m.c.i.e.AbstractTransferListenerAdapter - Downloaded http://repository.primefaces.org/com/google/code/gson/gson/2.2.4/gson-2.2.4.jar
2014-09-21 12:22:50,304 [Worker-14] INFO  o.e.m.c.i.e.AbstractTransferListenerAdapter - Downloaded http://repository.primefaces.org/org/apache/commons/commons-lang3/3.1/commons-lang3-3.1.jar
2014-09-21 12:22:50,503 [Worker-14] INFO  o.e.m.c.i.e.AbstractTransferListenerAdapter - Downloading http://repo.maven.apache.org/maven2/org/primefaces/extensions/primefaces-extensions/2.1.0/primefaces-extensions-2.1.0.jar
2014-09-21 12:22:53,366 [Worker-14] INFO  o.e.m.c.i.e.AbstractTransferListenerAdapter - Downloaded http://repo.maven.apache.org/maven2/org/primefaces/extensions/primefaces-extensions/2.1.0/primefaces-extensions-2.1.0.jar
2014-09-21 12:22:53,547 [Worker-14] INFO  o.e.m.c.i.e.AbstractTransferListenerAdapter - Downloading http://repo.maven.apache.org/maven2/com/google/code/gson/gson/2.2.4/gson-2.2.4.jar
2014-09-21 12:22:54,493 [Worker-14] INFO  o.e.m.c.i.e.AbstractTransferListenerAdapter - Downloaded http://repo.maven.apache.org/maven2/com/google/code/gson/gson/2.2.4/gson-2.2.4.jar
2014-09-21 12:22:54,672 [Worker-14] INFO  o.e.m.c.i.e.AbstractTransferListenerAdapter - Downloading http://repo.maven.apache.org/maven2/org/apache/commons/commons-lang3/3.1/commons-lang3-3.1.jar
2014-09-21 12:22:56,010 [Worker-14] INFO  o.e.m.c.i.e.AbstractTransferListenerAdapter - Downloaded http://repo.maven.apache.org/maven2/org/apache/commons/commons-lang3/3.1/commons-lang3-3.1.jar
2014-09-21 12:22:56,778 [Worker-15] WARN  o.e.m.c.i.embedder.EclipseLogger - Using platform encoding (UTF-8 actually) to copy filtered resources, i.e. build is platform dependent!
2014-09-21 12:22:56,778 [Worker-15] INFO  o.e.m.c.i.embedder.EclipseLogger - skip non existing resourceDirectory /home/javier/Documentos/Develop/Java/catastrophes-system/com.catastrophes-system/src/main/resources
2014-09-21 12:22:56,781 [Worker-15] WARN  o.e.m.c.i.embedder.EclipseLogger - Using platform encoding (UTF-8 actually) to copy filtered resources, i.e. build is platform dependent!
2014-09-21 12:22:56,781 [Worker-15] INFO  o.e.m.c.i.embedder.EclipseLogger - Copying 0 resource
2014-09-21 12:22:56,782 [Worker-15] INFO  o.e.m.w.i.f.ResourceFilteringBuildParticipant - Changed resources require a complete clean of filtered resources of com.catastrophes-system
2014-09-21 12:22:56,782 [Worker-15] INFO  o.e.m.w.i.f.ResourceFilteringBuildParticipant - Executing resource filtering for com.catastrophes-system
2014-09-21 12:22:56,787 [Worker-15] WARN  o.e.m.c.i.embedder.EclipseLogger - Using platform encoding (UTF-8 actually) to copy filtered resources, i.e. build is platform dependent!
2014-09-21 12:27:51,998 [Worker-20] WARN  o.e.m.c.i.embedder.EclipseLogger - Using platform encoding (UTF-8 actually) to copy filtered resources, i.e. build is platform dependent!
2014-09-21 12:27:51,999 [Worker-20] INFO  o.e.m.c.i.embedder.EclipseLogger - skip non existing resourceDirectory /home/javier/Documentos/Develop/Java/catastrophes-system/com.catastrophes-system/src/main/resources
2014-09-21 12:27:52,000 [Worker-20] WARN  o.e.m.c.i.embedder.EclipseLogger - Using platform encoding (UTF-8 actually) to copy filtered resources, i.e. build is platform dependent!
2014-09-21 12:27:52,001 [Worker-20] INFO  o.e.m.c.i.embedder.EclipseLogger - Copying 0 resource
2014-09-21 12:28:32,927 [Worker-16] WARN  o.e.m.c.i.embedder.EclipseLogger - Using platform encoding (UTF-8 actually) to copy filtered resources, i.e. build is platform dependent!
2014-09-21 12:28:32,928 [Worker-16] INFO  o.e.m.c.i.embedder.EclipseLogger - skip non existing resourceDirectory /home/javier/Documentos/Develop/Java/catastrophes-system/com.catastrophes-system/src/main/resources
2014-09-21 12:28:32,931 [Worker-16] WARN  o.e.m.c.i.embedder.EclipseLogger - Using platform encoding (UTF-8 actually) to copy filtered resources, i.e. build is platform dependent!
2014-09-21 12:28:32,931 [Worker-16] INFO  o.e.m.c.i.embedder.EclipseLogger - Copying 0 resource
2014-09-21 12:29:45,940 [Worker-21] WARN  o.e.m.c.i.embedder.EclipseLogger - Using platform encoding (UTF-8 actually) to copy filtered resources, i.e. build is platform dependent!
2014-09-21 12:29:45,941 [Worker-21] INFO  o.e.m.c.i.embedder.EclipseLogger - skip non existing resourceDirectory /home/javier/Documentos/Develop/Java/catastrophes-system/com.catastrophes-system/src/main/resources
2014-09-21 12:29:45,942 [Worker-21] WARN  o.e.m.c.i.embedder.EclipseLogger - Using platform encoding (UTF-8 actually) to copy filtered resources, i.e. build is platform dependent!
2014-09-21 12:29:45,942 [Worker-21] INFO  o.e.m.c.i.embedder.EclipseLogger - Copying 0 resource
2014-09-21 12:30:16,603 [Worker-15] WARN  o.e.m.c.i.embedder.EclipseLogger - Using platform encoding (UTF-8 actually) to copy filtered resources, i.e. build is platform dependent!
2014-09-21 12:30:16,604 [Worker-15] INFO  o.e.m.c.i.embedder.EclipseLogger - skip non existing resourceDirectory /home/javier/Documentos/Develop/Java/catastrophes-system/com.catastrophes-system/src/main/resources
2014-09-21 12:30:16,605 [Worker-15] WARN  o.e.m.c.i.embedder.EclipseLogger - Using platform encoding (UTF-8 actually) to copy filtered resources, i.e. build is platform dependent!
2014-09-21 12:30:16,605 [Worker-15] INFO  o.e.m.c.i.embedder.EclipseLogger - Copying 0 resource
2014-09-21 12:30:53,353 [Worker-14] WARN  o.e.m.c.i.embedder.EclipseLogger - Using platform encoding (UTF-8 actually) to copy filtered resources, i.e. build is platform dependent!
2014-09-21 12:30:53,353 [Worker-14] INFO  o.e.m.c.i.embedder.EclipseLogger - skip non existing resourceDirectory /home/javier/Documentos/Develop/Java/catastrophes-system/com.catastrophes-system/src/main/resources
2014-09-21 12:30:53,355 [Worker-14] WARN  o.e.m.c.i.embedder.EclipseLogger - Using platform encoding (UTF-8 actually) to copy filtered resources, i.e. build is platform dependent!
2014-09-21 12:30:53,355 [Worker-14] INFO  o.e.m.c.i.embedder.EclipseLogger - Copying 0 resource
2014-09-21 12:32:17,504 [Worker-14] WARN  o.e.m.c.i.embedder.EclipseLogger - Using platform encoding (UTF-8 actually) to copy filtered resources, i.e. build is platform dependent!
2014-09-21 12:32:17,504 [Worker-14] INFO  o.e.m.c.i.embedder.EclipseLogger - skip non existing resourceDirectory /home/javier/Documentos/Develop/Java/catastrophes-system/com.catastrophes-system/src/main/resources
2014-09-21 12:32:17,506 [Worker-14] WARN  o.e.m.c.i.embedder.EclipseLogger - Using platform encoding (UTF-8 actually) to copy filtered resources, i.e. build is platform dependent!
2014-09-21 12:32:17,506 [Worker-14] INFO  o.e.m.c.i.embedder.EclipseLogger - Copying 0 resource
2014-09-21 12:32:19,698 [Worker-14] WARN  o.e.m.c.i.embedder.EclipseLogger - Using platform encoding (UTF-8 actually) to copy filtered resources, i.e. build is platform dependent!
2014-09-21 12:32:19,699 [Worker-14] INFO  o.e.m.c.i.embedder.EclipseLogger - skip non existing resourceDirectory /home/javier/Documentos/Develop/Java/catastrophes-system/com.catastrophes-system/src/main/resources
2014-09-21 12:32:19,702 [Worker-14] WARN  o.e.m.c.i.embedder.EclipseLogger - Using platform encoding (UTF-8 actually) to copy filtered resources, i.e. build is platform dependent!
2014-09-21 12:32:19,702 [Worker-14] INFO  o.e.m.c.i.embedder.EclipseLogger - Copying 0 resource
2014-09-21 12:32:38,108 [Worker-11] WARN  o.e.m.c.i.embedder.EclipseLogger - Using platform encoding (UTF-8 actually) to copy filtered resources, i.e. build is platform dependent!
2014-09-21 12:32:38,108 [Worker-11] INFO  o.e.m.c.i.embedder.EclipseLogger - skip non existing resourceDirectory /home/javier/Documentos/Develop/Java/catastrophes-system/com.catastrophes-system/src/main/resources
2014-09-21 12:32:38,110 [Worker-11] WARN  o.e.m.c.i.embedder.EclipseLogger - Using platform encoding (UTF-8 actually) to copy filtered resources, i.e. build is platform dependent!
2014-09-21 12:32:38,110 [Worker-11] INFO  o.e.m.c.i.embedder.EclipseLogger - Copying 0 resource
2014-09-21 12:33:23,123 [Worker-24] INFO  o.e.m.c.i.l.LifecycleMappingFactory - Using org.maven.ide.eclipse.wtp.WarLifecycleMapping lifecycle mapping for MavenProject: com.catastrophes-system:com.catastrophes-system:0.0.1-SNAPSHOT @ /home/javier/Documentos/Develop/Java/catastrophes-system/com.catastrophes-system-web/pom.xml.
2014-09-21 12:33:23,545 [Worker-11] INFO  o.e.m.c.i.l.LifecycleMappingFactory - Using org.maven.ide.eclipse.wtp.WarLifecycleMapping lifecycle mapping for MavenProject: com.catastrophes-system:com.catastrophes-system:0.0.1-SNAPSHOT @ /home/javier/Documentos/Develop/Java/catastrophes-system/com.catastrophes-system-web/pom.xml.
2014-09-21 12:33:24,132 [Worker-11] WARN  o.e.m.c.i.embedder.EclipseLogger - Using platform encoding (UTF-8 actually) to copy filtered resources, i.e. build is platform dependent!
2014-09-21 12:33:24,132 [Worker-11] INFO  o.e.m.c.i.embedder.EclipseLogger - skip non existing resourceDirectory /home/javier/Documentos/Develop/Java/catastrophes-system/com.catastrophes-system-web/src/main/resources
2014-09-21 12:33:24,134 [Worker-11] WARN  o.e.m.c.i.embedder.EclipseLogger - Using platform encoding (UTF-8 actually) to copy filtered resources, i.e. build is platform dependent!
2014-09-21 12:33:24,134 [Worker-11] INFO  o.e.m.c.i.embedder.EclipseLogger - Copying 0 resource
2014-09-21 12:33:25,539 [Worker-11] INFO  o.e.m.c.i.l.LifecycleMappingFactory - Using org.maven.ide.eclipse.wtp.WarLifecycleMapping lifecycle mapping for MavenProject: com.catastrophes-system:com.catastrophes-system:0.0.1-SNAPSHOT @ /home/javier/Documentos/Develop/Java/catastrophes-system/com.catastrophes-system-web/pom.xml.
2014-09-21 12:33:26,232 [Worker-21] WARN  o.e.m.c.i.embedder.EclipseLogger - Using platform encoding (UTF-8 actually) to copy filtered resources, i.e. build is platform dependent!
2014-09-21 12:33:26,233 [Worker-21] INFO  o.e.m.c.i.embedder.EclipseLogger - skip non existing resourceDirectory /home/javier/Documentos/Develop/Java/catastrophes-system/com.catastrophes-system-web/src/main/resources
2014-09-21 12:33:26,234 [Worker-21] WARN  o.e.m.c.i.embedder.EclipseLogger - Using platform encoding (UTF-8 actually) to copy filtered resources, i.e. build is platform dependent!
2014-09-21 12:33:26,235 [Worker-21] INFO  o.e.m.c.i.embedder.EclipseLogger - Copying 0 resource
2014-09-21 12:35:10,224 [Worker-0] INFO  o.e.m.c.i.l.LifecycleMappingFactory - Using org.maven.ide.eclipse.wtp.WarLifecycleMapping lifecycle mapping for MavenProject: com.catastrophes-system:com.catastrophes-system:0.0.1-SNAPSHOT @ /home/javier/Documentos/Develop/Java/catastrophes-system/catastrophes-system-web/pom.xml.
2014-09-21 12:35:10,448 [Worker-10] INFO  o.e.m.c.i.l.LifecycleMappingFactory - Using org.maven.ide.eclipse.wtp.WarLifecycleMapping lifecycle mapping for MavenProject: com.catastrophes-system:com.catastrophes-system:0.0.1-SNAPSHOT @ /home/javier/Documentos/Develop/Java/catastrophes-system/catastrophes-system-web/pom.xml.
2014-09-21 12:35:10,794 [Worker-10] WARN  o.e.m.c.i.embedder.EclipseLogger - Using platform encoding (UTF-8 actually) to copy filtered resources, i.e. build is platform dependent!
2014-09-21 12:35:10,795 [Worker-10] INFO  o.e.m.c.i.embedder.EclipseLogger - skip non existing resourceDirectory /home/javier/Documentos/Develop/Java/catastrophes-system/catastrophes-system-web/src/main/resources
2014-09-21 12:35:10,797 [Worker-10] WARN  o.e.m.c.i.embedder.EclipseLogger - Using platform encoding (UTF-8 actually) to copy filtered resources, i.e. build is platform dependent!
2014-09-21 12:35:10,798 [Worker-10] INFO  o.e.m.c.i.embedder.EclipseLogger - Copying 0 resource
2014-09-21 12:35:15,908 [Worker-16] INFO  o.e.m.c.i.l.LifecycleMappingFactory - Using org.maven.ide.eclipse.wtp.WarLifecycleMapping lifecycle mapping for MavenProject: com.catastrophes-system:com.catastrophes-system:0.0.1-SNAPSHOT @ /home/javier/Documentos/Develop/Java/catastrophes-system/catastrophes-system-web/pom.xml.
2014-09-21 12:35:16,498 [Worker-16] WARN  o.e.m.c.i.embedder.EclipseLogger - Using platform encoding (UTF-8 actually) to copy filtered resources, i.e. build is platform dependent!
2014-09-21 12:35:16,498 [Worker-16] INFO  o.e.m.c.i.embedder.EclipseLogger - skip non existing resourceDirectory /home/javier/Documentos/Develop/Java/catastrophes-system/catastrophes-system-web/src/main/resources
2014-09-21 12:35:16,501 [Worker-16] WARN  o.e.m.c.i.embedder.EclipseLogger - Using platform encoding (UTF-8 actually) to copy filtered resources, i.e. build is platform dependent!
2014-09-21 12:35:16,502 [Worker-16] INFO  o.e.m.c.i.embedder.EclipseLogger - Copying 0 resource
2014-09-21 12:38:55,269 [Worker-23] WARN  o.e.m.c.i.embedder.EclipseLogger - Using platform encoding (UTF-8 actually) to copy filtered resources, i.e. build is platform dependent!
2014-09-21 12:38:55,269 [Worker-23] INFO  o.e.m.c.i.embedder.EclipseLogger - skip non existing resourceDirectory /home/javier/Documentos/Develop/Java/catastrophes-system/catastrophes-system-web/src/main/resources
2014-09-21 12:38:55,270 [Worker-23] WARN  o.e.m.c.i.embedder.EclipseLogger - Using platform encoding (UTF-8 actually) to copy filtered resources, i.e. build is platform dependent!
2014-09-21 12:38:55,271 [Worker-23] INFO  o.e.m.c.i.embedder.EclipseLogger - Copying 0 resource
2014-09-21 12:39:15,216 [Worker-24] WARN  o.e.m.c.i.embedder.EclipseLogger - Using platform encoding (UTF-8 actually) to copy filtered resources, i.e. build is platform dependent!
2014-09-21 12:39:15,216 [Worker-24] INFO  o.e.m.c.i.embedder.EclipseLogger - skip non existing resourceDirectory /home/javier/Documentos/Develop/Java/catastrophes-system/catastrophes-system-web/src/main/resources
2014-09-21 12:39:15,219 [Worker-24] WARN  o.e.m.c.i.embedder.EclipseLogger - Using platform encoding (UTF-8 actually) to copy filtered resources, i.e. build is platform dependent!
2014-09-21 12:39:15,219 [Worker-24] INFO  o.e.m.c.i.embedder.EclipseLogger - Copying 0 resource
2014-09-21 13:15:44,475 [Worker-14] WARN  o.e.m.c.i.embedder.EclipseLogger - Using platform encoding (UTF-8 actually) to copy filtered resources, i.e. build is platform dependent!
2014-09-21 13:15:44,476 [Worker-14] INFO  o.e.m.c.i.embedder.EclipseLogger - skip non existing resourceDirectory /home/javier/Documentos/Develop/Java/catastrophes-system/catastrophes-system-web/src/main/resources
2014-09-21 13:15:44,477 [Worker-14] WARN  o.e.m.c.i.embedder.EclipseLogger - Using platform encoding (UTF-8 actually) to copy filtered resources, i.e. build is platform dependent!
2014-09-21 13:15:44,477 [Worker-14] INFO  o.e.m.c.i.embedder.EclipseLogger - Copying 0 resource
2014-09-21 13:16:05,893 [Worker-21] WARN  o.e.m.c.i.embedder.EclipseLogger - Using platform encoding (UTF-8 actually) to copy filtered resources, i.e. build is platform dependent!
2014-09-21 13:16:05,893 [Worker-21] INFO  o.e.m.c.i.embedder.EclipseLogger - skip non existing resourceDirectory /home/javier/Documentos/Develop/Java/catastrophes-system/catastrophes-system-web/src/main/resources
2014-09-21 13:16:05,895 [Worker-21] WARN  o.e.m.c.i.embedder.EclipseLogger - Using platform encoding (UTF-8 actually) to copy filtered resources, i.e. build is platform dependent!
2014-09-21 13:16:05,895 [Worker-21] INFO  o.e.m.c.i.embedder.EclipseLogger - Copying 0 resource
2014-09-21 13:16:29,760 [Worker-14] WARN  o.e.m.c.i.embedder.EclipseLogger - Using platform encoding (UTF-8 actually) to copy filtered resources, i.e. build is platform dependent!
2014-09-21 13:16:29,761 [Worker-14] INFO  o.e.m.c.i.embedder.EclipseLogger - skip non existing resourceDirectory /home/javier/Documentos/Develop/Java/catastrophes-system/catastrophes-system-web/src/main/resources
2014-09-21 13:16:29,764 [Worker-14] WARN  o.e.m.c.i.embedder.EclipseLogger - Using platform encoding (UTF-8 actually) to copy filtered resources, i.e. build is platform dependent!
2014-09-21 13:16:29,765 [Worker-14] INFO  o.e.m.c.i.embedder.EclipseLogger - Copying 0 resource
2014-09-21 13:17:04,760 [Worker-21] WARN  o.e.m.c.i.embedder.EclipseLogger - Using platform encoding (UTF-8 actually) to copy filtered resources, i.e. build is platform dependent!
2014-09-21 13:17:04,761 [Worker-21] INFO  o.e.m.c.i.embedder.EclipseLogger - skip non existing resourceDirectory /home/javier/Documentos/Develop/Java/catastrophes-system/catastrophes-system-web/src/main/resources
2014-09-21 13:17:04,762 [Worker-21] WARN  o.e.m.c.i.embedder.EclipseLogger - Using platform encoding (UTF-8 actually) to copy filtered resources, i.e. build is platform dependent!
2014-09-21 13:17:04,763 [Worker-21] INFO  o.e.m.c.i.embedder.EclipseLogger - Copying 0 resource
2014-09-21 13:17:15,116 [Worker-21] WARN  o.e.m.c.i.embedder.EclipseLogger - Using platform encoding (UTF-8 actually) to copy filtered resources, i.e. build is platform dependent!
2014-09-21 13:17:15,117 [Worker-21] INFO  o.e.m.c.i.embedder.EclipseLogger - skip non existing resourceDirectory /home/javier/Documentos/Develop/Java/catastrophes-system/catastrophes-system-web/src/main/resources
2014-09-21 13:17:15,118 [Worker-21] WARN  o.e.m.c.i.embedder.EclipseLogger - Using platform encoding (UTF-8 actually) to copy filtered resources, i.e. build is platform dependent!
2014-09-21 13:17:15,119 [Worker-21] INFO  o.e.m.c.i.embedder.EclipseLogger - Copying 0 resource
2014-09-21 13:19:00,335 [Worker-11] WARN  o.e.m.c.i.embedder.EclipseLogger - Using platform encoding (UTF-8 actually) to copy filtered resources, i.e. build is platform dependent!
2014-09-21 13:19:00,335 [Worker-11] INFO  o.e.m.c.i.embedder.EclipseLogger - skip non existing resourceDirectory /home/javier/Documentos/Develop/Java/catastrophes-system/catastrophes-system-web/src/main/resources
2014-09-21 13:19:00,337 [Worker-11] WARN  o.e.m.c.i.embedder.EclipseLogger - Using platform encoding (UTF-8 actually) to copy filtered resources, i.e. build is platform dependent!
2014-09-21 13:19:00,338 [Worker-11] INFO  o.e.m.c.i.embedder.EclipseLogger - Copying 0 resource
2014-09-21 13:19:29,284 [Worker-14] WARN  o.e.m.c.i.embedder.EclipseLogger - Using platform encoding (UTF-8 actually) to copy filtered resources, i.e. build is platform dependent!
2014-09-21 13:19:29,284 [Worker-14] INFO  o.e.m.c.i.embedder.EclipseLogger - skip non existing resourceDirectory /home/javier/Documentos/Develop/Java/catastrophes-system/catastrophes-system-web/src/main/resources
2014-09-21 13:19:29,285 [Worker-14] WARN  o.e.m.c.i.embedder.EclipseLogger - Using platform encoding (UTF-8 actually) to copy filtered resources, i.e. build is platform dependent!
2014-09-21 13:19:29,286 [Worker-14] INFO  o.e.m.c.i.embedder.EclipseLogger - Copying 0 resource
2014-09-21 13:19:46,162 [Worker-26] WARN  o.e.m.c.i.embedder.EclipseLogger - Using platform encoding (UTF-8 actually) to copy filtered resources, i.e. build is platform dependent!
2014-09-21 13:19:46,163 [Worker-26] INFO  o.e.m.c.i.embedder.EclipseLogger - skip non existing resourceDirectory /home/javier/Documentos/Develop/Java/catastrophes-system/catastrophes-system-web/src/main/resources
2014-09-21 13:19:46,166 [Worker-26] WARN  o.e.m.c.i.embedder.EclipseLogger - Using platform encoding (UTF-8 actually) to copy filtered resources, i.e. build is platform dependent!
2014-09-21 13:19:46,167 [Worker-26] INFO  o.e.m.c.i.embedder.EclipseLogger - Copying 0 resource
2014-09-21 13:19:51,353 [Worker-13] WARN  o.e.m.c.i.embedder.EclipseLogger - Using platform encoding (UTF-8 actually) to copy filtered resources, i.e. build is platform dependent!
2014-09-21 13:19:51,354 [Worker-13] INFO  o.e.m.c.i.embedder.EclipseLogger - skip non existing resourceDirectory /home/javier/Documentos/Develop/Java/catastrophes-system/catastrophes-system-web/src/main/resources
2014-09-21 13:19:51,355 [Worker-13] WARN  o.e.m.c.i.embedder.EclipseLogger - Using platform encoding (UTF-8 actually) to copy filtered resources, i.e. build is platform dependent!
2014-09-21 13:19:51,356 [Worker-13] INFO  o.e.m.c.i.embedder.EclipseLogger - Copying 0 resource
2014-09-21 13:29:00,088 [Worker-14] WARN  o.e.m.c.i.embedder.EclipseLogger - Using platform encoding (UTF-8 actually) to copy filtered resources, i.e. build is platform dependent!
2014-09-21 13:29:00,089 [Worker-14] INFO  o.e.m.c.i.embedder.EclipseLogger - skip non existing resourceDirectory /home/javier/Documentos/Develop/Java/catastrophes-system/catastrophes-system-web/src/main/resources
2014-09-21 13:29:00,090 [Worker-14] WARN  o.e.m.c.i.embedder.EclipseLogger - Using platform encoding (UTF-8 actually) to copy filtered resources, i.e. build is platform dependent!
2014-09-21 13:29:00,091 [Worker-14] INFO  o.e.m.c.i.embedder.EclipseLogger - Copying 0 resource
2014-09-21 13:34:18,857 [Worker-21] INFO  o.e.m.c.i.l.LifecycleMappingFactory - Using org.maven.ide.eclipse.wtp.WarLifecycleMapping lifecycle mapping for MavenProject: com.catastrophes-system:com.catastrophes-system:0.0.1-SNAPSHOT @ /home/javier/Documentos/Develop/Java/catastrophes-system/catastrophes-system-web/pom.xml.
2014-09-21 13:34:18,977 [Worker-21] WARN  o.e.m.c.i.embedder.EclipseLogger - Using platform encoding (UTF-8 actually) to copy filtered resources, i.e. build is platform dependent!
2014-09-21 13:34:18,982 [Worker-21] INFO  o.e.m.c.i.embedder.EclipseLogger - Copying 0 resource
2014-09-21 13:34:18,984 [Worker-21] WARN  o.e.m.c.i.embedder.EclipseLogger - Using platform encoding (UTF-8 actually) to copy filtered resources, i.e. build is platform dependent!
2014-09-21 13:34:18,985 [Worker-21] INFO  o.e.m.c.i.embedder.EclipseLogger - Copying 0 resource
2014-09-21 13:35:23,117 [Worker-27] INFO  o.e.m.c.i.l.LifecycleMappingFactory - Using org.maven.ide.eclipse.wtp.WarLifecycleMapping lifecycle mapping for MavenProject: com.catastrophes-system:com.catastrophes-system:0.0.1-SNAPSHOT @ /home/javier/Documentos/Develop/Java/catastrophes-system/catastrophes-system-web/pom.xml.
2014-09-21 13:35:23,291 [Worker-27] WARN  o.e.m.c.i.embedder.EclipseLogger - Using platform encoding (UTF-8 actually) to copy filtered resources, i.e. build is platform dependent!
2014-09-21 13:35:23,292 [Worker-27] INFO  o.e.m.c.i.embedder.EclipseLogger - Copying 0 resource
2014-09-21 13:35:23,295 [Worker-27] WARN  o.e.m.c.i.embedder.EclipseLogger - Using platform encoding (UTF-8 actually) to copy filtered resources, i.e. build is platform dependent!
2014-09-21 13:35:23,295 [Worker-27] INFO  o.e.m.c.i.embedder.EclipseLogger - Copying 0 resource
2014-09-21 13:36:29,869 [Worker-0] INFO  o.e.m.c.i.l.LifecycleMappingFactory - Using org.maven.ide.eclipse.wtp.WarLifecycleMapping lifecycle mapping for MavenProject: com.catastrophes-system:com.catastrophes-system:0.0.1-SNAPSHOT @ /home/javier/Documentos/Develop/Java/catastrophes-system/catastrophes-system-web/pom.xml.
2014-09-21 13:36:29,981 [Worker-0] WARN  o.e.m.c.i.embedder.EclipseLogger - Using platform encoding (UTF-8 actually) to copy filtered resources, i.e. build is platform dependent!
2014-09-21 13:36:29,982 [Worker-0] INFO  o.e.m.c.i.embedder.EclipseLogger - Copying 0 resource
2014-09-21 13:36:29,983 [Worker-0] WARN  o.e.m.c.i.embedder.EclipseLogger - Using platform encoding (UTF-8 actually) to copy filtered resources, i.e. build is platform dependent!
2014-09-21 13:36:29,983 [Worker-0] INFO  o.e.m.c.i.embedder.EclipseLogger - Copying 0 resource
2014-09-21 13:36:42,187 [Worker-13] INFO  o.e.m.c.i.l.LifecycleMappingFactory - Using org.maven.ide.eclipse.wtp.WarLifecycleMapping lifecycle mapping for MavenProject: com.catastrophes-system:com.catastrophes-system:0.0.1-SNAPSHOT @ /home/javier/Documentos/Develop/Java/catastrophes-system/catastrophes-system-web/pom.xml.
2014-09-21 13:36:42,306 [Worker-13] WARN  o.e.m.c.i.embedder.EclipseLogger - Using platform encoding (UTF-8 actually) to copy filtered resources, i.e. build is platform dependent!
2014-09-21 13:36:42,307 [Worker-13] INFO  o.e.m.c.i.embedder.EclipseLogger - Copying 0 resource
2014-09-21 13:36:42,308 [Worker-13] WARN  o.e.m.c.i.embedder.EclipseLogger - Using platform encoding (UTF-8 actually) to copy filtered resources, i.e. build is platform dependent!
2014-09-21 13:36:42,309 [Worker-13] INFO  o.e.m.c.i.embedder.EclipseLogger - Copying 0 resource
2014-09-21 13:36:57,532 [Worker-13] WARN  o.e.m.c.i.embedder.EclipseLogger - Using platform encoding (UTF-8 actually) to copy filtered resources, i.e. build is platform dependent!
2014-09-21 13:36:57,533 [Worker-13] INFO  o.e.m.c.i.embedder.EclipseLogger - skip non existing resourceDirectory /home/javier/Documentos/Develop/Java/catastrophes-system/catastrophes-system-web/src/main/resources
2014-09-21 13:36:57,534 [Worker-13] WARN  o.e.m.c.i.embedder.EclipseLogger - Using platform encoding (UTF-8 actually) to copy filtered resources, i.e. build is platform dependent!
2014-09-21 13:36:57,534 [Worker-13] INFO  o.e.m.c.i.embedder.EclipseLogger - Copying 0 resource
2014-09-21 17:51:09,864 [Worker-10] ERROR o.e.m.c.i.i.nexus.NexusIndexManager - Unable to add com/catastrophes-system/com.catastrophes-system/0.0.1-SNAPSHOT/com.catastrophes-system-0.0.1-SNAPSHOT.pom
java.io.FileNotFoundException: /home/javier/Documentos/Develop/Java/catastrophes-system/.metadata/.plugins/org.eclipse.m2e.core/nexus/830bc118332e77292949ed1e6d2fabe0/_a_2.del (No existe el archivo o el directorio)
	at java.io.RandomAccessFile.open(Native Method) ~[na:1.7.0_67]
	at java.io.RandomAccessFile.<init>(RandomAccessFile.java:241) ~[na:1.7.0_67]
	at org.apache.lucene.store.FSDirectory$FSIndexInput$Descriptor.<init>(FSDirectory.java:552) ~[lucene-core-2.4.1.jar:2.4.1 750176 - 2009-03-04 21:56:52]
	at org.apache.lucene.store.FSDirectory$FSIndexInput.<init>(FSDirectory.java:582) ~[lucene-core-2.4.1.jar:2.4.1 750176 - 2009-03-04 21:56:52]
	at org.apache.lucene.store.FSDirectory.openInput(FSDirectory.java:488) ~[lucene-core-2.4.1.jar:2.4.1 750176 - 2009-03-04 21:56:52]
	at org.apache.lucene.store.FSDirectory.openInput(FSDirectory.java:482) ~[lucene-core-2.4.1.jar:2.4.1 750176 - 2009-03-04 21:56:52]
	at org.apache.lucene.util.BitVector.<init>(BitVector.java:199) ~[lucene-core-2.4.1.jar:2.4.1 750176 - 2009-03-04 21:56:52]
	at org.apache.lucene.index.SegmentReader.loadDeletedDocs(SegmentReader.java:402) ~[lucene-core-2.4.1.jar:2.4.1 750176 - 2009-03-04 21:56:52]
	at org.apache.lucene.index.SegmentReader.initialize(SegmentReader.java:368) ~[lucene-core-2.4.1.jar:2.4.1 750176 - 2009-03-04 21:56:52]
	at org.apache.lucene.index.SegmentReader.get(SegmentReader.java:306) ~[lucene-core-2.4.1.jar:2.4.1 750176 - 2009-03-04 21:56:52]
	at org.apache.lucene.index.SegmentReader.get(SegmentReader.java:236) ~[lucene-core-2.4.1.jar:2.4.1 750176 - 2009-03-04 21:56:52]
	at org.apache.lucene.index.DocumentsWriter.applyDeletes(DocumentsWriter.java:915) ~[lucene-core-2.4.1.jar:2.4.1 750176 - 2009-03-04 21:56:52]
	at org.apache.lucene.index.IndexWriter.applyDeletes(IndexWriter.java:4339) ~[lucene-core-2.4.1.jar:2.4.1 750176 - 2009-03-04 21:56:52]
	at org.apache.lucene.index.IndexWriter.doFlush(IndexWriter.java:3579) ~[lucene-core-2.4.1.jar:2.4.1 750176 - 2009-03-04 21:56:52]
	at org.apache.lucene.index.IndexWriter.flush(IndexWriter.java:3450) ~[lucene-core-2.4.1.jar:2.4.1 750176 - 2009-03-04 21:56:52]
	at org.apache.lucene.index.IndexWriter.prepareCommit(IndexWriter.java:3363) ~[lucene-core-2.4.1.jar:2.4.1 750176 - 2009-03-04 21:56:52]
	at org.apache.lucene.index.IndexWriter.commit(IndexWriter.java:3408) ~[lucene-core-2.4.1.jar:2.4.1 750176 - 2009-03-04 21:56:52]
	at org.apache.maven.index.DefaultIndexerEngine.update(DefaultIndexerEngine.java:84) ~[org.eclipse.m2e.maven.indexer_1.5.0.20140605-2032/:na]
	at org.apache.maven.index.DefaultNexusIndexer.addArtifactToIndex(DefaultNexusIndexer.java:338) ~[org.eclipse.m2e.maven.indexer_1.5.0.20140605-2032/:na]
	at org.eclipse.m2e.core.internal.index.nexus.NexusIndexManager.addDocument(NexusIndexManager.java:580) [org.eclipse.m2e.core_1.5.0.20140606-0033.jar:na]
	at org.eclipse.m2e.core.internal.index.nexus.NexusIndexManager.mavenProjectChanged(NexusIndexManager.java:766) [org.eclipse.m2e.core_1.5.0.20140606-0033.jar:na]
	at org.eclipse.m2e.core.internal.project.registry.ProjectRegistryManager.notifyProjectChangeListeners(ProjectRegistryManager.java:747) [org.eclipse.m2e.core_1.5.0.20140606-0033.jar:na]
	at org.eclipse.m2e.core.internal.project.registry.ProjectRegistryManager.applyMutableProjectRegistry(ProjectRegistryManager.java:876) [org.eclipse.m2e.core_1.5.0.20140606-0033.jar:na]
	at org.eclipse.m2e.core.internal.project.registry.ProjectRegistryManager.refresh(ProjectRegistryManager.java:291) [org.eclipse.m2e.core_1.5.0.20140606-0033.jar:na]
	at org.eclipse.m2e.core.internal.builder.MavenBuilder$BuildMethod.getProjectFacade(MavenBuilder.java:154) [org.eclipse.m2e.core_1.5.0.20140606-0033.jar:na]
	at org.eclipse.m2e.core.internal.builder.MavenBuilder$BuildMethod$1.call(MavenBuilder.java:89) [org.eclipse.m2e.core_1.5.0.20140606-0033.jar:na]
	at org.eclipse.m2e.core.internal.embedder.MavenExecutionContext.executeBare(MavenExecutionContext.java:166) [org.eclipse.m2e.core_1.5.0.20140606-0033.jar:na]
	at org.eclipse.m2e.core.internal.embedder.MavenExecutionContext.execute(MavenExecutionContext.java:142) [org.eclipse.m2e.core_1.5.0.20140606-0033.jar:na]
	at org.eclipse.m2e.core.internal.embedder.MavenExecutionContext.execute(MavenExecutionContext.java:96) [org.eclipse.m2e.core_1.5.0.20140606-0033.jar:na]
	at org.eclipse.m2e.core.internal.builder.MavenBuilder$BuildMethod.execute(MavenBuilder.java:86) [org.eclipse.m2e.core_1.5.0.20140606-0033.jar:na]
	at org.eclipse.m2e.core.internal.builder.MavenBuilder.build(MavenBuilder.java:200) [org.eclipse.m2e.core_1.5.0.20140606-0033.jar:na]
	at org.eclipse.core.internal.events.BuildManager$2.run(BuildManager.java:734) [org.eclipse.core.resources_3.9.0.v20140514-1307.jar:na]
	at org.eclipse.core.runtime.SafeRunner.run(SafeRunner.java:42) [org.eclipse.equinox.common_3.6.200.v20130402-1505.jar:na]
	at org.eclipse.core.internal.events.BuildManager.basicBuild(BuildManager.java:206) [org.eclipse.core.resources_3.9.0.v20140514-1307.jar:na]
	at org.eclipse.core.internal.events.BuildManager.basicBuild(BuildManager.java:246) [org.eclipse.core.resources_3.9.0.v20140514-1307.jar:na]
	at org.eclipse.core.internal.events.BuildManager$1.run(BuildManager.java:299) [org.eclipse.core.resources_3.9.0.v20140514-1307.jar:na]
	at org.eclipse.core.runtime.SafeRunner.run(SafeRunner.java:42) [org.eclipse.equinox.common_3.6.200.v20130402-1505.jar:na]
	at org.eclipse.core.internal.events.BuildManager.basicBuild(BuildManager.java:302) [org.eclipse.core.resources_3.9.0.v20140514-1307.jar:na]
	at org.eclipse.core.internal.events.BuildManager.basicBuildLoop(BuildManager.java:358) [org.eclipse.core.resources_3.9.0.v20140514-1307.jar:na]
	at org.eclipse.core.internal.events.BuildManager.build(BuildManager.java:381) [org.eclipse.core.resources_3.9.0.v20140514-1307.jar:na]
	at org.eclipse.core.internal.events.AutoBuildJob.doBuild(AutoBuildJob.java:143) [org.eclipse.core.resources_3.9.0.v20140514-1307.jar:na]
	at org.eclipse.core.internal.events.AutoBuildJob.run(AutoBuildJob.java:241) [org.eclipse.core.resources_3.9.0.v20140514-1307.jar:na]
	at org.eclipse.core.internal.jobs.Worker.run(Worker.java:54) [org.eclipse.core.jobs_3.6.0.v20140424-0053.jar:na]
2014-09-21 17:51:09,923 [Worker-10] WARN  o.e.m.c.i.embedder.EclipseLogger - Using platform encoding (UTF-8 actually) to copy filtered resources, i.e. build is platform dependent!
2014-09-21 17:51:09,924 [Worker-10] INFO  o.e.m.c.i.embedder.EclipseLogger - skip non existing resourceDirectory /home/javier/Documentos/Develop/Java/catastrophes-system/catastrophes-system-web/src/main/resources
2014-09-21 17:51:09,926 [Worker-10] WARN  o.e.m.c.i.embedder.EclipseLogger - Using platform encoding (UTF-8 actually) to copy filtered resources, i.e. build is platform dependent!
2014-09-21 17:51:09,926 [Worker-10] INFO  o.e.m.c.i.embedder.EclipseLogger - skip non existing resourceDirectory /home/javier/Documentos/Develop/Java/catastrophes-system/catastrophes-system-web/src/test/resources
2014-09-21 17:51:10,623 [Worker-10] INFO  o.e.m.c.i.l.LifecycleMappingFactory - Using org.maven.ide.eclipse.wtp.WarLifecycleMapping lifecycle mapping for MavenProject: com.catastrophes-system:com.catastrophes-system:0.0.1-SNAPSHOT @ /home/javier/Documentos/Develop/Java/catastrophes-system/catastrophes-system-web/pom.xml.
2014-09-21 17:51:11,392 [Worker-10] ERROR o.e.m.c.i.i.nexus.NexusIndexManager - Unable to add com/catastrophes-system/com.catastrophes-system/0.0.1-SNAPSHOT/com.catastrophes-system-0.0.1-SNAPSHOT.pom
java.io.FileNotFoundException: /home/javier/Documentos/Develop/Java/catastrophes-system/.metadata/.plugins/org.eclipse.m2e.core/nexus/830bc118332e77292949ed1e6d2fabe0/_a_2.del (No existe el archivo o el directorio)
	at java.io.RandomAccessFile.open(Native Method) ~[na:1.7.0_67]
	at java.io.RandomAccessFile.<init>(RandomAccessFile.java:241) ~[na:1.7.0_67]
	at org.apache.lucene.store.FSDirectory$FSIndexInput$Descriptor.<init>(FSDirectory.java:552) ~[lucene-core-2.4.1.jar:2.4.1 750176 - 2009-03-04 21:56:52]
	at org.apache.lucene.store.FSDirectory$FSIndexInput.<init>(FSDirectory.java:582) ~[lucene-core-2.4.1.jar:2.4.1 750176 - 2009-03-04 21:56:52]
	at org.apache.lucene.store.FSDirectory.openInput(FSDirectory.java:488) ~[lucene-core-2.4.1.jar:2.4.1 750176 - 2009-03-04 21:56:52]
	at org.apache.lucene.store.FSDirectory.openInput(FSDirectory.java:482) ~[lucene-core-2.4.1.jar:2.4.1 750176 - 2009-03-04 21:56:52]
	at org.apache.lucene.util.BitVector.<init>(BitVector.java:199) ~[lucene-core-2.4.1.jar:2.4.1 750176 - 2009-03-04 21:56:52]
	at org.apache.lucene.index.SegmentReader.loadDeletedDocs(SegmentReader.java:402) ~[lucene-core-2.4.1.jar:2.4.1 750176 - 2009-03-04 21:56:52]
	at org.apache.lucene.index.SegmentReader.initialize(SegmentReader.java:368) ~[lucene-core-2.4.1.jar:2.4.1 750176 - 2009-03-04 21:56:52]
	at org.apache.lucene.index.SegmentReader.get(SegmentReader.java:306) ~[lucene-core-2.4.1.jar:2.4.1 750176 - 2009-03-04 21:56:52]
	at org.apache.lucene.index.SegmentReader.get(SegmentReader.java:236) ~[lucene-core-2.4.1.jar:2.4.1 750176 - 2009-03-04 21:56:52]
	at org.apache.lucene.index.DocumentsWriter.applyDeletes(DocumentsWriter.java:915) ~[lucene-core-2.4.1.jar:2.4.1 750176 - 2009-03-04 21:56:52]
	at org.apache.lucene.index.IndexWriter.applyDeletes(IndexWriter.java:4339) ~[lucene-core-2.4.1.jar:2.4.1 750176 - 2009-03-04 21:56:52]
	at org.apache.lucene.index.IndexWriter.doFlush(IndexWriter.java:3579) ~[lucene-core-2.4.1.jar:2.4.1 750176 - 2009-03-04 21:56:52]
	at org.apache.lucene.index.IndexWriter.flush(IndexWriter.java:3450) ~[lucene-core-2.4.1.jar:2.4.1 750176 - 2009-03-04 21:56:52]
	at org.apache.lucene.index.IndexWriter.prepareCommit(IndexWriter.java:3363) ~[lucene-core-2.4.1.jar:2.4.1 750176 - 2009-03-04 21:56:52]
	at org.apache.lucene.index.IndexWriter.commit(IndexWriter.java:3408) ~[lucene-core-2.4.1.jar:2.4.1 750176 - 2009-03-04 21:56:52]
	at org.apache.maven.index.DefaultIndexerEngine.update(DefaultIndexerEngine.java:84) ~[org.eclipse.m2e.maven.indexer_1.5.0.20140605-2032/:na]
	at org.apache.maven.index.DefaultNexusIndexer.addArtifactToIndex(DefaultNexusIndexer.java:338) ~[org.eclipse.m2e.maven.indexer_1.5.0.20140605-2032/:na]
	at org.eclipse.m2e.core.internal.index.nexus.NexusIndexManager.addDocument(NexusIndexManager.java:580) [org.eclipse.m2e.core_1.5.0.20140606-0033.jar:na]
	at org.eclipse.m2e.core.internal.index.nexus.NexusIndexManager.mavenProjectChanged(NexusIndexManager.java:758) [org.eclipse.m2e.core_1.5.0.20140606-0033.jar:na]
	at org.eclipse.m2e.core.internal.project.registry.ProjectRegistryManager.notifyProjectChangeListeners(ProjectRegistryManager.java:747) [org.eclipse.m2e.core_1.5.0.20140606-0033.jar:na]
	at org.eclipse.m2e.core.internal.project.registry.ProjectRegistryManager.applyMutableProjectRegistry(ProjectRegistryManager.java:876) [org.eclipse.m2e.core_1.5.0.20140606-0033.jar:na]
	at org.eclipse.m2e.core.internal.project.registry.ProjectRegistryRefreshJob$1.call(ProjectRegistryRefreshJob.java:104) [org.eclipse.m2e.core_1.5.0.20140606-0033.jar:na]
	at org.eclipse.m2e.core.internal.project.registry.ProjectRegistryRefreshJob$1.call(ProjectRegistryRefreshJob.java:1) [org.eclipse.m2e.core_1.5.0.20140606-0033.jar:na]
	at org.eclipse.m2e.core.internal.embedder.MavenExecutionContext.executeBare(MavenExecutionContext.java:166) [org.eclipse.m2e.core_1.5.0.20140606-0033.jar:na]
	at org.eclipse.m2e.core.internal.embedder.MavenExecutionContext.execute(MavenExecutionContext.java:142) [org.eclipse.m2e.core_1.5.0.20140606-0033.jar:na]
	at org.eclipse.m2e.core.internal.embedder.MavenExecutionContext.execute(MavenExecutionContext.java:96) [org.eclipse.m2e.core_1.5.0.20140606-0033.jar:na]
	at org.eclipse.m2e.core.internal.embedder.MavenImpl.execute(MavenImpl.java:1348) [org.eclipse.m2e.core_1.5.0.20140606-0033.jar:na]
	at org.eclipse.m2e.core.internal.project.registry.ProjectRegistryRefreshJob.run(ProjectRegistryRefreshJob.java:87) [org.eclipse.m2e.core_1.5.0.20140606-0033.jar:na]
	at org.eclipse.core.internal.jobs.Worker.run(Worker.java:54) [org.eclipse.core.jobs_3.6.0.v20140424-0053.jar:na]
2014-09-21 17:51:12,448 [Worker-9] WARN  o.e.m.c.i.embedder.EclipseLogger - Using platform encoding (UTF-8 actually) to copy filtered resources, i.e. build is platform dependent!
2014-09-21 17:51:12,455 [Worker-9] INFO  o.e.m.c.i.embedder.EclipseLogger - skip non existing resourceDirectory /home/javier/Documentos/Develop/Java/catastrophes-system/catastrophes-system-web/src/main/resources
2014-09-21 17:51:12,459 [Worker-9] WARN  o.e.m.c.i.embedder.EclipseLogger - Using platform encoding (UTF-8 actually) to copy filtered resources, i.e. build is platform dependent!
2014-09-21 17:51:12,459 [Worker-9] INFO  o.e.m.c.i.embedder.EclipseLogger - skip non existing resourceDirectory /home/javier/Documentos/Develop/Java/catastrophes-system/catastrophes-system-web/src/test/resources
2014-09-21 17:52:36,441 [Worker-0] INFO  o.e.m.c.i.l.LifecycleMappingFactory - Using org.maven.ide.eclipse.wtp.WarLifecycleMapping lifecycle mapping for MavenProject: com.catastrophes-system:com.catastrophes-system:0.0.1-SNAPSHOT @ /home/javier/Documentos/Develop/Java/catastrophes-system/catastrophes-system-web/pom.xml.
2014-09-21 17:52:36,564 [Worker-0] ERROR o.e.m.c.i.i.nexus.NexusIndexManager - Unable to add com/catastrophes-system/com.catastrophes-system/0.0.1-SNAPSHOT/com.catastrophes-system-0.0.1-SNAPSHOT.pom
java.io.FileNotFoundException: /home/javier/Documentos/Develop/Java/catastrophes-system/.metadata/.plugins/org.eclipse.m2e.core/nexus/830bc118332e77292949ed1e6d2fabe0/_a_2.del (No existe el archivo o el directorio)
	at java.io.RandomAccessFile.open(Native Method) ~[na:1.7.0_67]
	at java.io.RandomAccessFile.<init>(RandomAccessFile.java:241) ~[na:1.7.0_67]
	at org.apache.lucene.store.FSDirectory$FSIndexInput$Descriptor.<init>(FSDirectory.java:552) ~[lucene-core-2.4.1.jar:2.4.1 750176 - 2009-03-04 21:56:52]
	at org.apache.lucene.store.FSDirectory$FSIndexInput.<init>(FSDirectory.java:582) ~[lucene-core-2.4.1.jar:2.4.1 750176 - 2009-03-04 21:56:52]
	at org.apache.lucene.store.FSDirectory.openInput(FSDirectory.java:488) ~[lucene-core-2.4.1.jar:2.4.1 750176 - 2009-03-04 21:56:52]
	at org.apache.lucene.store.FSDirectory.openInput(FSDirectory.java:482) ~[lucene-core-2.4.1.jar:2.4.1 750176 - 2009-03-04 21:56:52]
	at org.apache.lucene.util.BitVector.<init>(BitVector.java:199) ~[lucene-core-2.4.1.jar:2.4.1 750176 - 2009-03-04 21:56:52]
	at org.apache.lucene.index.SegmentReader.loadDeletedDocs(SegmentReader.java:402) ~[lucene-core-2.4.1.jar:2.4.1 750176 - 2009-03-04 21:56:52]
	at org.apache.lucene.index.SegmentReader.initialize(SegmentReader.java:368) ~[lucene-core-2.4.1.jar:2.4.1 750176 - 2009-03-04 21:56:52]
	at org.apache.lucene.index.SegmentReader.get(SegmentReader.java:306) ~[lucene-core-2.4.1.jar:2.4.1 750176 - 2009-03-04 21:56:52]
	at org.apache.lucene.index.SegmentReader.get(SegmentReader.java:236) ~[lucene-core-2.4.1.jar:2.4.1 750176 - 2009-03-04 21:56:52]
	at org.apache.lucene.index.DocumentsWriter.applyDeletes(DocumentsWriter.java:915) ~[lucene-core-2.4.1.jar:2.4.1 750176 - 2009-03-04 21:56:52]
	at org.apache.lucene.index.IndexWriter.applyDeletes(IndexWriter.java:4339) ~[lucene-core-2.4.1.jar:2.4.1 750176 - 2009-03-04 21:56:52]
	at org.apache.lucene.index.IndexWriter.doFlush(IndexWriter.java:3579) ~[lucene-core-2.4.1.jar:2.4.1 750176 - 2009-03-04 21:56:52]
	at org.apache.lucene.index.IndexWriter.flush(IndexWriter.java:3450) ~[lucene-core-2.4.1.jar:2.4.1 750176 - 2009-03-04 21:56:52]
	at org.apache.lucene.index.IndexWriter.prepareCommit(IndexWriter.java:3363) ~[lucene-core-2.4.1.jar:2.4.1 750176 - 2009-03-04 21:56:52]
	at org.apache.lucene.index.IndexWriter.commit(IndexWriter.java:3408) ~[lucene-core-2.4.1.jar:2.4.1 750176 - 2009-03-04 21:56:52]
	at org.apache.maven.index.DefaultIndexerEngine.update(DefaultIndexerEngine.java:84) ~[org.eclipse.m2e.maven.indexer_1.5.0.20140605-2032/:na]
	at org.apache.maven.index.DefaultNexusIndexer.addArtifactToIndex(DefaultNexusIndexer.java:338) ~[org.eclipse.m2e.maven.indexer_1.5.0.20140605-2032/:na]
	at org.eclipse.m2e.core.internal.index.nexus.NexusIndexManager.addDocument(NexusIndexManager.java:580) [org.eclipse.m2e.core_1.5.0.20140606-0033.jar:na]
	at org.eclipse.m2e.core.internal.index.nexus.NexusIndexManager.mavenProjectChanged(NexusIndexManager.java:758) [org.eclipse.m2e.core_1.5.0.20140606-0033.jar:na]
	at org.eclipse.m2e.core.internal.project.registry.ProjectRegistryManager.notifyProjectChangeListeners(ProjectRegistryManager.java:747) [org.eclipse.m2e.core_1.5.0.20140606-0033.jar:na]
	at org.eclipse.m2e.core.internal.project.registry.ProjectRegistryManager.applyMutableProjectRegistry(ProjectRegistryManager.java:876) [org.eclipse.m2e.core_1.5.0.20140606-0033.jar:na]
	at org.eclipse.m2e.core.internal.project.registry.ProjectRegistryManager.refresh(ProjectRegistryManager.java:291) [org.eclipse.m2e.core_1.5.0.20140606-0033.jar:na]
	at org.eclipse.m2e.core.internal.builder.MavenBuilder$BuildMethod.getProjectFacade(MavenBuilder.java:154) [org.eclipse.m2e.core_1.5.0.20140606-0033.jar:na]
	at org.eclipse.m2e.core.internal.builder.MavenBuilder$BuildMethod$1.call(MavenBuilder.java:89) [org.eclipse.m2e.core_1.5.0.20140606-0033.jar:na]
	at org.eclipse.m2e.core.internal.embedder.MavenExecutionContext.executeBare(MavenExecutionContext.java:166) [org.eclipse.m2e.core_1.5.0.20140606-0033.jar:na]
	at org.eclipse.m2e.core.internal.embedder.MavenExecutionContext.execute(MavenExecutionContext.java:142) [org.eclipse.m2e.core_1.5.0.20140606-0033.jar:na]
	at org.eclipse.m2e.core.internal.embedder.MavenExecutionContext.execute(MavenExecutionContext.java:96) [org.eclipse.m2e.core_1.5.0.20140606-0033.jar:na]
	at org.eclipse.m2e.core.internal.builder.MavenBuilder$BuildMethod.execute(MavenBuilder.java:86) [org.eclipse.m2e.core_1.5.0.20140606-0033.jar:na]
	at org.eclipse.m2e.core.internal.builder.MavenBuilder.build(MavenBuilder.java:200) [org.eclipse.m2e.core_1.5.0.20140606-0033.jar:na]
	at org.eclipse.core.internal.events.BuildManager$2.run(BuildManager.java:734) [org.eclipse.core.resources_3.9.0.v20140514-1307.jar:na]
	at org.eclipse.core.runtime.SafeRunner.run(SafeRunner.java:42) [org.eclipse.equinox.common_3.6.200.v20130402-1505.jar:na]
	at org.eclipse.core.internal.events.BuildManager.basicBuild(BuildManager.java:206) [org.eclipse.core.resources_3.9.0.v20140514-1307.jar:na]
	at org.eclipse.core.internal.events.BuildManager.basicBuild(BuildManager.java:246) [org.eclipse.core.resources_3.9.0.v20140514-1307.jar:na]
	at org.eclipse.core.internal.events.BuildManager$1.run(BuildManager.java:299) [org.eclipse.core.resources_3.9.0.v20140514-1307.jar:na]
	at org.eclipse.core.runtime.SafeRunner.run(SafeRunner.java:42) [org.eclipse.equinox.common_3.6.200.v20130402-1505.jar:na]
	at org.eclipse.core.internal.events.BuildManager.basicBuild(BuildManager.java:302) [org.eclipse.core.resources_3.9.0.v20140514-1307.jar:na]
	at org.eclipse.core.internal.events.BuildManager.basicBuildLoop(BuildManager.java:358) [org.eclipse.core.resources_3.9.0.v20140514-1307.jar:na]
	at org.eclipse.core.internal.events.BuildManager.build(BuildManager.java:381) [org.eclipse.core.resources_3.9.0.v20140514-1307.jar:na]
	at org.eclipse.core.internal.events.AutoBuildJob.doBuild(AutoBuildJob.java:143) [org.eclipse.core.resources_3.9.0.v20140514-1307.jar:na]
	at org.eclipse.core.internal.events.AutoBuildJob.run(AutoBuildJob.java:241) [org.eclipse.core.resources_3.9.0.v20140514-1307.jar:na]
	at org.eclipse.core.internal.jobs.Worker.run(Worker.java:54) [org.eclipse.core.jobs_3.6.0.v20140424-0053.jar:na]
2014-09-21 17:52:36,607 [Worker-0] WARN  o.e.m.c.i.embedder.EclipseLogger - Using platform encoding (UTF-8 actually) to copy filtered resources, i.e. build is platform dependent!
2014-09-21 17:52:36,607 [Worker-0] INFO  o.e.m.c.i.embedder.EclipseLogger - skip non existing resourceDirectory /home/javier/Documentos/Develop/Java/catastrophes-system/catastrophes-system-web/src/main/resources
2014-09-21 17:52:36,609 [Worker-0] WARN  o.e.m.c.i.embedder.EclipseLogger - Using platform encoding (UTF-8 actually) to copy filtered resources, i.e. build is platform dependent!
2014-09-21 17:52:36,610 [Worker-0] INFO  o.e.m.c.i.embedder.EclipseLogger - skip non existing resourceDirectory /home/javier/Documentos/Develop/Java/catastrophes-system/catastrophes-system-web/src/test/resources
